<?xml version="1.0" encoding="UTF-8"?>
<!-- Generated by org.testng.reporters.JUnitXMLReporter -->
<testsuite hostname="sys" ignored="0" name="Hub spot sanity Test" tests="7" failures="2" timestamp="2019-12-21T19:01:43 EST" time="153.629" errors="0">
  <testcase name="verifyLoginPageTitleTest" time="2.618" classname="com.qa.Hubspot.testcases.LoginPageTest"/>
  <testcase name="verifySighUpLink" time="0.956" classname="com.qa.Hubspot.testcases.LoginPageTest"/>
  <testcase name="verifyLoginPage" time="4.883" classname="com.qa.Hubspot.testcases.LoginPageTest">
    <failure type="java.lang.AssertionError" message="did not expect to find [true] but found [false]">
      <![CDATA[java.lang.AssertionError: did not expect to find [true] but found [false]
at com.qa.Hubspot.testcases.LoginPageTest.verifyLoginPage(LoginPageTest.java:76)
at java.util.ArrayList.forEach(ArrayList.java:1257)
... Removed 31 stack frames]]>
    </failure>
  </testcase> <!-- verifyLoginPage -->
  <testcase name="HeaderTextExixtsTest" time="0.255" classname="com.qa.Hubspot.testcases.HomePageTest"/>
  <testcase name="verifyLoggedInUserTest" time="0.283" classname="com.qa.Hubspot.testcases.HomePageTest">
    <failure type="java.lang.AssertionError" message="did not expect to find [true] but found [false]">
      <![CDATA[java.lang.AssertionError: did not expect to find [true] but found [false]
at com.qa.Hubspot.testcases.HomePageTest.verifyLoggedInUserTest(HomePageTest.java:62)
at java.util.ArrayList.forEach(ArrayList.java:1257)
... Removed 31 stack frames]]>
    </failure>
  </testcase> <!-- verifyLoggedInUserTest -->
  <testcase name="verifyHomePageLogo" time="0.069" classname="com.qa.Hubspot.testcases.HomePageTest"/>
  <testcase name="verifyHomePageTitle" time="0.024" classname="com.qa.Hubspot.testcases.HomePageTest"/>
</testsuite> <!-- Hub spot sanity Test -->
